<?xml version="1.0" encoding="UTF-8"?>
<!-- Generated by org.testng.reporters.JUnitReportReporter -->
<testsuite hostname="SELVA" failures="0" tests="2" name="com.maven.pageobject.TestScript.TC001_SignUp" time="3.372" errors="0" timestamp="2021-03-20T18:46:40 IST" skipped="0">
  <testcase classname="com.maven.pageobject.TestScript.TC001_SignUp" name="validate_sendKeys_fullName" time="0.048"/>
  <system-out/>
  <testcase classname="com.maven.pageobject.TestScript.TC001_SignUp" name="validate_click_createAccount" time="3.324"/>
  <system-out/>
</testsuite> <!-- com.maven.pageobject.TestScript.TC001_SignUp -->
